#
# There is insufficient memory for the Java Runtime Environment to continue.
# Native memory allocation (malloc) failed to allocate 32744 bytes for ChunkPool::allocate
# Possible reasons:
#   The system is out of physical RAM or swap space
#   The process is running with CompressedOops enabled, and the Java Heap may be blocking the growth of the native heap
# Possible solutions:
#   Reduce memory load on the system
#   Increase physical memory or swap space
#   Check if swap backing store is full
#   Decrease Java heap size (-Xmx/-Xms)
#   Decrease number of Java threads
#   Decrease Java thread stack sizes (-Xss)
#   Set larger code cache with -XX:ReservedCodeCacheSize=
#   JVM is running with Unscaled Compressed Oops mode in which the Java heap is
#     placed in the first 4GB address space. The Java Heap base address is the
#     maximum limit for the native heap growth. Please use -XX:HeapBaseMinAddress
#     to set the Java Heap base and to place the Java Heap above 4GB virtual address.
# This output file may be truncated or incomplete.
#
#  Out of Memory Error (allocation.cpp:272), pid=1224, tid=0x00000000000046fc
#
# JRE version: Java(TM) SE Runtime Environment (8.0_291-b10) (build 1.8.0_291-b10)
# Java VM: Java HotSpot(TM) 64-Bit Server VM (25.291-b10 mixed mode windows-amd64 compressed oops)
# Failed to write core dump. Minidumps are not enabled by default on client versions of Windows
#

---------------  T H R E A D  ---------------

Current thread (0x00000140adeb3800):  JavaThread "C1 CompilerThread2" daemon [_thread_in_native, id=18172, stack(0x000000262d900000,0x000000262da00000)]

Stack: [0x000000262d900000,0x000000262da00000]
Native frames: (J=compiled Java code, j=interpreted, Vv=VM code, C=native code)
V  [jvm.dll+0x32ea19]
V  [jvm.dll+0x275462]
V  [jvm.dll+0x27610d]
V  [jvm.dll+0x26cb45]
V  [jvm.dll+0xd56ed]
V  [jvm.dll+0xd5a4c]
V  [jvm.dll+0x2c6cd7]
V  [jvm.dll+0x410c7f]
V  [jvm.dll+0x40cc13]
V  [jvm.dll+0x4080fe]
V  [jvm.dll+0x3f4a20]
V  [jvm.dll+0x3e09b3]
V  [jvm.dll+0x3e02ad]
V  [jvm.dll+0x3e048e]
V  [jvm.dll+0x3dfbe1]
V  [jvm.dll+0x3e161f]
V  [jvm.dll+0xabeeb]
V  [jvm.dll+0xaa54b]
V  [jvm.dll+0x23db02]
V  [jvm.dll+0x29210c]
C  [ucrtbase.dll+0x210b2]
C  [KERNEL32.DLL+0x17c24]
C  [ntdll.dll+0x6d721]


Current CompileTask:
C1:  20732 1914       3       com.google.common.collect.ImmutableList$Builder::getReadyToExpandTo (66 bytes)


---------------  P R O C E S S  ---------------

Java Threads: ( => current thread )
  0x00000140aecc0800 JavaThread "Okio Watchdog" daemon [_thread_blocked, id=11048, stack(0x000000262e400000,0x000000262e500000)]
  0x00000140aebbd800 JavaThread "OkHttp ConnectionPool" daemon [_thread_blocked, id=21124, stack(0x000000262e300000,0x000000262e400000)]
  0x00000140adf5d000 JavaThread "Exec Stream Pumper" daemon [_thread_in_native, id=11608, stack(0x000000262e200000,0x000000262e300000)]
  0x00000140adf4f800 JavaThread "Exec Stream Pumper" daemon [_thread_in_native, id=17308, stack(0x000000262e100000,0x000000262e200000)]
  0x00000140afeb4000 JavaThread "UrlChecker-2" daemon [_thread_blocked, id=19588, stack(0x000000262e000000,0x000000262e100000)]
  0x00000140afeb3800 JavaThread "Exec Default Executor" daemon [_thread_in_native, id=20548, stack(0x000000262df00000,0x000000262e000000)]
  0x00000140aeeda000 JavaThread "ReaderThread" [_thread_in_native, id=20980, stack(0x000000262dd00000,0x000000262de00000)]
  0x00000140aded6000 JavaThread "Service Thread" daemon [_thread_blocked, id=17476, stack(0x000000262da00000,0x000000262db00000)]
=>0x00000140adeb3800 JavaThread "C1 CompilerThread2" daemon [_thread_in_native, id=18172, stack(0x000000262d900000,0x000000262da00000)]
  0x00000140ade98000 JavaThread "C2 CompilerThread1" daemon [_thread_blocked, id=4196, stack(0x000000262d800000,0x000000262d900000)]
  0x00000140ade54000 JavaThread "C2 CompilerThread0" daemon [_thread_in_native, id=21692, stack(0x000000262d700000,0x000000262d800000)]
  0x00000140ade52800 JavaThread "Attach Listener" daemon [_thread_blocked, id=8912, stack(0x000000262d600000,0x000000262d700000)]
  0x00000140ade51800 JavaThread "Signal Dispatcher" daemon [_thread_blocked, id=20248, stack(0x000000262d500000,0x000000262d600000)]
  0x00000140ad6ed000 JavaThread "Finalizer" daemon [_thread_blocked, id=23524, stack(0x000000262d400000,0x000000262d500000)]
  0x00000140ade26000 JavaThread "Reference Handler" daemon [_thread_blocked, id=17728, stack(0x000000262d300000,0x000000262d400000)]
  0x0000014097880000 JavaThread "main" [_thread_in_native, id=23192, stack(0x000000262cd00000,0x000000262ce00000)]

Other Threads:
  0x00000140ade05800 VMThread [stack: 0x000000262d200000,0x000000262d300000] [id=22872]
  0x00000140adf06000 WatcherThread [stack: 0x000000262db00000,0x000000262dc00000] [id=10156]

VM state:not at safepoint (normal execution)

VM Mutex/Monitor currently owned by a thread: None

heap address: 0x0000000084a00000, size: 1974 MB, Compressed Oops mode: 32-bit
Narrow klass base: 0x0000000000000000, Narrow klass shift: 3
Compressed class space size: 1073741824 Address: 0x0000000100000000

Heap:
 PSYoungGen      total 36864K, used 10567K [0x00000000d6e00000, 0x00000000d9700000, 0x0000000100000000)
  eden space 31744K, 33% used [0x00000000d6e00000,0x00000000d7851cb0,0x00000000d8d00000)
  from space 5120K, 0% used [0x00000000d8d00000,0x00000000d8d00000,0x00000000d9200000)
  to   space 5120K, 0% used [0x00000000d9200000,0x00000000d9200000,0x00000000d9700000)
 ParOldGen       total 60928K, used 7561K [0x0000000084a00000, 0x0000000088580000, 0x00000000d6e00000)
  object space 60928K, 12% used [0x0000000084a00000,0x0000000085162720,0x0000000088580000)
 Metaspace       used 21979K, capacity 22645K, committed 22832K, reserved 1069056K
  class space    used 2730K, capacity 2889K, committed 2944K, reserved 1048576K

Card table byte_map: [0x00000140a85b0000,0x00000140a8990000] byte_map_base: 0x00000140a818b000

Marking Bits: (ParMarkBitMap*) 0x0000000075707fe0
 Begin Bits: [0x00000140a8c30000, 0x00000140aab08000)
 End Bits:   [0x00000140aab08000, 0x00000140ac9e0000)

Polling page: 0x00000140991c0000

CodeCache: size=245760Kb used=6598Kb max_used=6598Kb free=239161Kb
 bounds [0x00000140991f0000, 0x0000014099870000, 0x00000140a81f0000]
 total_blobs=2372 nmethods=1902 adapters=382
 compilation: enabled

Compilation events (10 events):
Event: 20.572 Thread 0x00000140adeb3800 nmethod 1909 0x000001409985a610 code [0x000001409985a780, 0x000001409985a990]
Event: 20.572 Thread 0x00000140adeb3800 1910       3       com.google.common.base.AbstractIterator::tryToComputeNext (36 bytes)
Event: 20.573 Thread 0x00000140adeb3800 nmethod 1910 0x000001409985a110 code [0x000001409985a280, 0x000001409985a570]
Event: 20.611 Thread 0x00000140adeb3800 1911       3       com.google.common.base.Splitter$1$1::separatorEnd (4 bytes)
Event: 20.611 Thread 0x00000140adeb3800 nmethod 1911 0x0000014099859dd0 code [0x0000014099859f20, 0x000001409985a078]
Event: 20.611 Thread 0x00000140adeb3800 1912       3       com.google.common.base.AbstractIterator::next (34 bytes)
Event: 20.612 Thread 0x00000140adeb3800 nmethod 1912 0x0000014099859750 code [0x00000140998598e0, 0x0000014099859c20]
Event: 20.612 Thread 0x00000140adeb3800 1913       3       com.google.common.collect.ImmutableList$Builder::add (34 bytes)
Event: 20.613 Thread 0x00000140adeb3800 nmethod 1913 0x0000014099864950 code [0x0000014099864ae0, 0x0000014099864f40]
Event: 20.613 Thread 0x00000140adeb3800 1914       3       com.google.common.collect.ImmutableList$Builder::getReadyToExpandTo (66 bytes)

GC Heap History (8 events):
Event: 9.341 GC heap before
{Heap before GC invocations=1 (full 0):
 PSYoungGen      total 36864K, used 31744K [0x00000000d6e00000, 0x00000000d9700000, 0x0000000100000000)
  eden space 31744K, 100% used [0x00000000d6e00000,0x00000000d8d00000,0x00000000d8d00000)
  from space 5120K, 0% used [0x00000000d9200000,0x00000000d9200000,0x00000000d9700000)
  to   space 5120K, 0% used [0x00000000d8d00000,0x00000000d8d00000,0x00000000d9200000)
 ParOldGen       total 84992K, used 0K [0x0000000084a00000, 0x0000000089d00000, 0x00000000d6e00000)
  object space 84992K, 0% used [0x0000000084a00000,0x0000000084a00000,0x0000000089d00000)
 Metaspace       used 13488K, capacity 13694K, committed 13952K, reserved 1060864K
  class space    used 1556K, capacity 1617K, committed 1664K, reserved 1048576K
Event: 9.355 GC heap after
Heap after GC invocations=1 (full 0):
 PSYoungGen      total 36864K, used 5118K [0x00000000d6e00000, 0x00000000d9700000, 0x0000000100000000)
  eden space 31744K, 0% used [0x00000000d6e00000,0x00000000d6e00000,0x00000000d8d00000)
  from space 5120K, 99% used [0x00000000d8d00000,0x00000000d91ffac8,0x00000000d9200000)
  to   space 5120K, 0% used [0x00000000d9200000,0x00000000d9200000,0x00000000d9700000)
 ParOldGen       total 84992K, used 1326K [0x0000000084a00000, 0x0000000089d00000, 0x00000000d6e00000)
  object space 84992K, 1% used [0x0000000084a00000,0x0000000084b4ba18,0x0000000089d00000)
 Metaspace       used 13488K, capacity 13694K, committed 13952K, reserved 1060864K
  class space    used 1556K, capacity 1617K, committed 1664K, reserved 1048576K
}
Event: 13.608 GC heap before
{Heap before GC invocations=2 (full 0):
 PSYoungGen      total 36864K, used 36862K [0x00000000d6e00000, 0x00000000d9700000, 0x0000000100000000)
  eden space 31744K, 100% used [0x00000000d6e00000,0x00000000d8d00000,0x00000000d8d00000)
  from space 5120K, 99% used [0x00000000d8d00000,0x00000000d91ffac8,0x00000000d9200000)
  to   space 5120K, 0% used [0x00000000d9200000,0x00000000d9200000,0x00000000d9700000)
 ParOldGen       total 84992K, used 1326K [0x0000000084a00000, 0x0000000089d00000, 0x00000000d6e00000)
  object space 84992K, 1% used [0x0000000084a00000,0x0000000084b4ba18,0x0000000089d00000)
 Metaspace       used 18718K, capacity 18986K, committed 19328K, reserved 1067008K
  class space    used 2222K, capacity 2313K, committed 2432K, reserved 1048576K
Event: 13.634 GC heap after
Heap after GC invocations=2 (full 0):
 PSYoungGen      total 36864K, used 5088K [0x00000000d6e00000, 0x00000000d9700000, 0x0000000100000000)
  eden space 31744K, 0% used [0x00000000d6e00000,0x00000000d6e00000,0x00000000d8d00000)
  from space 5120K, 99% used [0x00000000d9200000,0x00000000d96f83f0,0x00000000d9700000)
  to   space 5120K, 0% used [0x00000000d8d00000,0x00000000d8d00000,0x00000000d9200000)
 ParOldGen       total 84992K, used 5950K [0x0000000084a00000, 0x0000000089d00000, 0x00000000d6e00000)
  object space 84992K, 7% used [0x0000000084a00000,0x0000000084fcf9b0,0x0000000089d00000)
 Metaspace       used 18718K, capacity 18986K, committed 19328K, reserved 1067008K
  class space    used 2222K, capacity 2313K, committed 2432K, reserved 1048576K
}
Event: 15.030 GC heap before
{Heap before GC invocations=3 (full 0):
 PSYoungGen      total 36864K, used 18424K [0x00000000d6e00000, 0x00000000d9700000, 0x0000000100000000)
  eden space 31744K, 42% used [0x00000000d6e00000,0x00000000d7b05e00,0x00000000d8d00000)
  from space 5120K, 99% used [0x00000000d9200000,0x00000000d96f83f0,0x00000000d9700000)
  to   space 5120K, 0% used [0x00000000d8d00000,0x00000000d8d00000,0x00000000d9200000)
 ParOldGen       total 84992K, used 5950K [0x0000000084a00000, 0x0000000089d00000, 0x00000000d6e00000)
  object space 84992K, 7% used [0x0000000084a00000,0x0000000084fcf9b0,0x0000000089d00000)
 Metaspace       used 20595K, capacity 21189K, committed 21296K, reserved 1069056K
  class space    used 2538K, capacity 2688K, committed 2688K, reserved 1048576K
Event: 15.055 GC heap after
Heap after GC invocations=3 (full 0):
 PSYoungGen      total 36864K, used 5104K [0x00000000d6e00000, 0x00000000d9700000, 0x0000000100000000)
  eden space 31744K, 0% used [0x00000000d6e00000,0x00000000d6e00000,0x00000000d8d00000)
  from space 5120K, 99% used [0x00000000d8d00000,0x00000000d91fc050,0x00000000d9200000)
  to   space 5120K, 0% used [0x00000000d9200000,0x00000000d9200000,0x00000000d9700000)
 ParOldGen       total 84992K, used 7508K [0x0000000084a00000, 0x0000000089d00000, 0x00000000d6e00000)
  object space 84992K, 8% used [0x0000000084a00000,0x0000000085155158,0x0000000089d00000)
 Metaspace       used 20595K, capacity 21189K, committed 21296K, reserved 1069056K
  class space    used 2538K, capacity 2688K, committed 2688K, reserved 1048576K
}
Event: 15.055 GC heap before
{Heap before GC invocations=4 (full 1):
 PSYoungGen      total 36864K, used 5104K [0x00000000d6e00000, 0x00000000d9700000, 0x0000000100000000)
  eden space 31744K, 0% used [0x00000000d6e00000,0x00000000d6e00000,0x00000000d8d00000)
  from space 5120K, 99% used [0x00000000d8d00000,0x00000000d91fc050,0x00000000d9200000)
  to   space 5120K, 0% used [0x00000000d9200000,0x00000000d9200000,0x00000000d9700000)
 ParOldGen       total 84992K, used 7508K [0x0000000084a00000, 0x0000000089d00000, 0x00000000d6e00000)
  object space 84992K, 8% used [0x0000000084a00000,0x0000000085155158,0x0000000089d00000)
 Metaspace       used 20595K, capacity 21189K, committed 21296K, reserved 1069056K
  class space    used 2538K, capacity 2688K, committed 2688K, reserved 1048576K
Event: 15.180 GC heap after
Heap after GC invocations=4 (full 1):
 PSYoungGen      total 36864K, used 0K [0x00000000d6e00000, 0x00000000d9700000, 0x0000000100000000)
  eden space 31744K, 0% used [0x00000000d6e00000,0x00000000d6e00000,0x00000000d8d00000)
  from space 5120K, 0% used [0x00000000d8d00000,0x00000000d8d00000,0x00000000d9200000)
  to   space 5120K, 0% used [0x00000000d9200000,0x00000000d9200000,0x00000000d9700000)
 ParOldGen       total 60928K, used 7561K [0x0000000084a00000, 0x0000000088580000, 0x00000000d6e00000)
  object space 60928K, 12% used [0x0000000084a00000,0x0000000085162720,0x0000000088580000)
 Metaspace       used 20595K, capacity 21189K, committed 21296K, reserved 1069056K
  class space    used 2538K, capacity 2688K, committed 2688K, reserved 1048576K
}

Deoptimization events (10 events):
Event: 15.013 Thread 0x0000014097880000 Uncommon trap: reason=class_check action=maybe_recompile pc=0x000001409954de84 method=java.util.regex.Matcher.search(I)Z @ 86
Event: 15.013 Thread 0x0000014097880000 Uncommon trap: reason=class_check action=maybe_recompile pc=0x00000140994551e4 method=java.util.regex.Pattern$Curly.match(Ljava/util/regex/Matcher;ILjava/lang/CharSequence;)Z @ 19
Event: 15.207 Thread 0x0000014097880000 Uncommon trap: reason=class_check action=maybe_recompile pc=0x00000140994551e4 method=java.util.regex.Pattern$Curly.match(Ljava/util/regex/Matcher;ILjava/lang/CharSequence;)Z @ 19
Event: 15.207 Thread 0x0000014097880000 Uncommon trap: reason=class_check action=maybe_recompile pc=0x00000140994551e4 method=java.util.regex.Pattern$Curly.match(Ljava/util/regex/Matcher;ILjava/lang/CharSequence;)Z @ 19
Event: 15.595 Thread 0x0000014097880000 Uncommon trap: reason=class_check action=maybe_recompile pc=0x0000014099756574 method=java.util.HashSet.contains(Ljava/lang/Object;)Z @ 5
Event: 15.595 Thread 0x0000014097880000 Uncommon trap: reason=class_check action=maybe_recompile pc=0x0000014099756574 method=java.util.HashSet.contains(Ljava/lang/Object;)Z @ 5
Event: 20.143 Thread 0x0000014097880000 Uncommon trap: reason=class_check action=maybe_recompile pc=0x0000014099852cc4 method=org.openqa.selenium.json.Input.init()V @ 18
Event: 20.144 Thread 0x0000014097880000 Uncommon trap: reason=class_check action=maybe_recompile pc=0x0000014099852cc4 method=org.openqa.selenium.json.Input.init()V @ 18
Event: 20.144 Thread 0x0000014097880000 Uncommon trap: reason=class_check action=maybe_recompile pc=0x0000014099852cc4 method=org.openqa.selenium.json.Input.init()V @ 18
Event: 20.144 Thread 0x0000014097880000 Uncommon trap: reason=class_check action=maybe_recompile pc=0x0000014099852cc4 method=org.openqa.selenium.json.Input.init()V @ 18

Classes redefined (0 events):
No events

Internal exceptions (10 events):
Event: 8.837 Thread 0x0000014097880000 Implicit null exception at 0x0000014099653318 to 0x000001409965344d
Event: 10.042 Thread 0x0000014097880000 Exception <a 'java/lang/ArrayIndexOutOfBoundsException': 65> (0x00000000d7442f90) thrown at [C:\jenkins\workspace\8-2-build-windows-amd64-cygwin\jdk8u291\1294\hotspot\src\share\vm\interpreter\interpreterRuntime.cpp, line 371]
Event: 10.044 Thread 0x0000014097880000 Exception <a 'java/lang/ArrayIndexOutOfBoundsException': 60> (0x00000000d74488a8) thrown at [C:\jenkins\workspace\8-2-build-windows-amd64-cygwin\jdk8u291\1294\hotspot\src\share\vm\interpreter\interpreterRuntime.cpp, line 371]
Event: 10.177 Thread 0x0000014097880000 Exception <a 'java/lang/NoClassDefFoundError': org/slf4j/impl/StaticLoggerBinder> (0x00000000d75eab00) thrown at [C:\jenkins\workspace\8-2-build-windows-amd64-cygwin\jdk8u291\1294\hotspot\src\share\vm\classfile\systemDictionary.cpp, line 201]
Event: 11.598 Thread 0x0000014097880000 Implicit null exception at 0x000001409974e52c to 0x000001409974e7d5
Event: 14.321 Thread 0x00000140afeb4000 Exception <a 'java/net/SocketTimeoutException': connect timed out> (0x00000000d71fa838) thrown at [C:\jenkins\workspace\8-2-build-windows-amd64-cygwin\jdk8u291\1294\hotspot\src\share\vm\prims\jni.cpp, line 737]
Event: 14.383 Thread 0x0000014097880000 Exception <a 'java/lang/IncompatibleClassChangeError': Found class java.lang.Object, but interface was expected> (0x00000000d73aac98) thrown at [C:\jenkins\workspace\8-2-build-windows-amd64-cygwin\jdk8u291\1294\hotspot\src\share\vm\interpreter\linkResolve
Event: 14.388 Thread 0x0000014097880000 Exception <a 'java/lang/NoSuchMethodError': java.lang.Object.lambda$or$2(Ljava/util/function/Predicate;Ljava/lang/Object;)Z> (0x00000000d73b4fa8) thrown at [C:\jenkins\workspace\8-2-build-windows-amd64-cygwin\jdk8u291\1294\hotspot\src\share\vm\interpreter
Event: 14.701 Thread 0x0000014097880000 Exception <a 'java/lang/NoSuchMethodError': java.lang.Object.lambda$chars$0()Ljava/util/Spliterator$OfInt;> (0x00000000d7770f00) thrown at [C:\jenkins\workspace\8-2-build-windows-amd64-cygwin\jdk8u291\1294\hotspot\src\share\vm\interpreter\linkResolver.cpp
Event: 20.213 Thread 0x0000014097880000 Exception <a 'java/lang/NoSuchMethodError': java.lang.Object.lambda$getResponseFunction$0(Lorg/openqa/selenium/remote/InitialHandshakeResponse;)Lorg/openqa/selenium/remote/ProtocolHandshake$Result;> (0x00000000d76ad690) thrown at [C:\jenkins\workspace\8-2

Events (10 events):
Event: 20.596 loading class org/openqa/selenium/interactions/PointerInput$PointerPress
Event: 20.596 loading class org/openqa/selenium/interactions/PointerInput$PointerPress done
Event: 20.598 loading class org/openqa/selenium/interactions/PointerInput$Move
Event: 20.598 loading class org/openqa/selenium/interactions/PointerInput$Move done
Event: 20.601 loading class org/openqa/selenium/interactions/PointerInput$Kind
Event: 20.601 loading class org/openqa/selenium/interactions/PointerInput$Kind done
Event: 20.603 loading class org/openqa/selenium/interactions/KeyInput
Event: 20.603 loading class org/openqa/selenium/interactions/KeyInput done
Event: 20.605 loading class org/openqa/selenium/interactions/KeyInput$TypingInteraction
Event: 20.605 loading class org/openqa/selenium/interactions/KeyInput$TypingInteraction done


Dynamic libraries:
0x00007ff61b310000 - 0x00007ff61b357000 	C:\Program Files\Java\jdk1.8.0_291\bin\javaw.exe
0x00007ffa31900000 - 0x00007ffa31af0000 	C:\WINDOWS\SYSTEM32\ntdll.dll
0x00007ffa00800000 - 0x00007ffa00813000 	C:\Program Files\AVG\Antivirus\aswhook.dll
0x00007ffa315d0000 - 0x00007ffa31682000 	C:\WINDOWS\System32\KERNEL32.DLL
0x00007ffa2f700000 - 0x00007ffa2f9a5000 	C:\WINDOWS\System32\KERNELBASE.dll
0x00007ffa30990000 - 0x00007ffa30a33000 	C:\WINDOWS\System32\ADVAPI32.dll
0x00007ffa30100000 - 0x00007ffa3019e000 	C:\WINDOWS\System32\msvcrt.dll
0x00007ffa31820000 - 0x00007ffa318b7000 	C:\WINDOWS\System32\sechost.dll
0x00007ffa30a40000 - 0x00007ffa30b5f000 	C:\WINDOWS\System32\RPCRT4.dll
0x00007ffa30390000 - 0x00007ffa30524000 	C:\WINDOWS\System32\USER32.dll
0x00007ffa2f180000 - 0x00007ffa2f1a1000 	C:\WINDOWS\System32\win32u.dll
0x00007ffa30f60000 - 0x00007ffa30f86000 	C:\WINDOWS\System32\GDI32.dll
0x00007ffa2f1b0000 - 0x00007ffa2f348000 	C:\WINDOWS\System32\gdi32full.dll
0x00007ffa2f090000 - 0x00007ffa2f12e000 	C:\WINDOWS\System32\msvcp_win.dll
0x00007ffa2f4f0000 - 0x00007ffa2f5ea000 	C:\WINDOWS\System32\ucrtbase.dll
0x00007ffa17250000 - 0x00007ffa174d4000 	C:\WINDOWS\WinSxS\amd64_microsoft.windows.common-controls_6595b64144ccf1df_6.0.18362.1379_none_9e7ff3b3e45cc0c4\COMCTL32.dll
0x00007ffa30bc0000 - 0x00007ffa30ef7000 	C:\WINDOWS\System32\combase.dll
0x00007ffa2f000000 - 0x00007ffa2f081000 	C:\WINDOWS\System32\bcryptPrimitives.dll
0x00007ffa31690000 - 0x00007ffa316be000 	C:\WINDOWS\System32\IMM32.DLL
0x00007ffa27a00000 - 0x00007ffa27a15000 	C:\Program Files\Java\jdk1.8.0_291\jre\bin\vcruntime140.dll
0x00007ffa14f10000 - 0x00007ffa14fab000 	C:\Program Files\Java\jdk1.8.0_291\jre\bin\msvcp140.dll
0x0000000074f20000 - 0x0000000075780000 	C:\Program Files\Java\jdk1.8.0_291\jre\bin\server\jvm.dll
0x00007ffa31810000 - 0x00007ffa31818000 	C:\WINDOWS\System32\PSAPI.DLL
0x00007ffa2b440000 - 0x00007ffa2b464000 	C:\WINDOWS\SYSTEM32\WINMM.dll
0x00007ffa24120000 - 0x00007ffa2412a000 	C:\WINDOWS\SYSTEM32\VERSION.dll
0x00007ffa2b410000 - 0x00007ffa2b43d000 	C:\WINDOWS\SYSTEM32\WINMMBASE.dll
0x00007ffa2f130000 - 0x00007ffa2f17a000 	C:\WINDOWS\System32\cfgmgr32.dll
0x00007ffa1e7a0000 - 0x00007ffa1e7a9000 	C:\WINDOWS\SYSTEM32\WSOCK32.dll
0x00007ffa31400000 - 0x00007ffa3146f000 	C:\WINDOWS\System32\WS2_32.dll
0x00007ffa2e860000 - 0x00007ffa2e871000 	C:\WINDOWS\System32\kernel.appcore.dll
0x00007ffa27e50000 - 0x00007ffa27e60000 	C:\Program Files\Java\jdk1.8.0_291\jre\bin\verify.dll
0x00007ffa23770000 - 0x00007ffa2379b000 	C:\Program Files\Java\jdk1.8.0_291\jre\bin\java.dll
0x00007ffa23800000 - 0x00007ffa23818000 	C:\Program Files\Java\jdk1.8.0_291\jre\bin\zip.dll
0x00007ffa2fa10000 - 0x00007ffa300f8000 	C:\WINDOWS\System32\SHELL32.dll
0x00007ffa302e0000 - 0x00007ffa30387000 	C:\WINDOWS\System32\shcore.dll
0x00007ffa2e880000 - 0x00007ffa2effb000 	C:\WINDOWS\System32\windows.storage.dll
0x00007ffa2e810000 - 0x00007ffa2e833000 	C:\WINDOWS\System32\profapi.dll
0x00007ffa2e7c0000 - 0x00007ffa2e80a000 	C:\WINDOWS\System32\powrprof.dll
0x00007ffa2e7b0000 - 0x00007ffa2e7c0000 	C:\WINDOWS\System32\UMPDC.dll
0x00007ffa30f00000 - 0x00007ffa30f52000 	C:\WINDOWS\System32\shlwapi.dll
0x00007ffa2f350000 - 0x00007ffa2f367000 	C:\WINDOWS\System32\cryptsp.dll
0x00007ffa1f680000 - 0x00007ffa1f69c000 	C:\Program Files\Java\jdk1.8.0_291\jre\bin\net.dll
0x00007ffa2df90000 - 0x00007ffa2dff7000 	C:\WINDOWS\system32\mswsock.dll
0x00007ffa2dce0000 - 0x00007ffa2ddab000 	C:\WINDOWS\SYSTEM32\DNSAPI.dll
0x00007ffa31790000 - 0x00007ffa31798000 	C:\WINDOWS\System32\NSI.dll
0x00007ffa2dca0000 - 0x00007ffa2dcda000 	C:\WINDOWS\SYSTEM32\IPHLPAPI.DLL
0x00007ffa1f220000 - 0x00007ffa1f22a000 	C:\Windows\System32\rasadhlp.dll
0x00007ffa239b0000 - 0x00007ffa23a27000 	C:\WINDOWS\System32\fwpuclnt.dll
0x00007ffa2f370000 - 0x00007ffa2f396000 	C:\WINDOWS\System32\bcrypt.dll
0x00007ffa27f30000 - 0x00007ffa27f54000 	C:\Program Files\Java\jdk1.8.0_291\jre\bin\sunec.dll
0x00007ffa23e60000 - 0x00007ffa23e76000 	C:\WINDOWS\SYSTEM32\dhcpcsvc6.DLL
0x00007ffa23be0000 - 0x00007ffa23bfc000 	C:\WINDOWS\SYSTEM32\dhcpcsvc.DLL
0x00007ffa1f660000 - 0x00007ffa1f673000 	C:\Program Files\Java\jdk1.8.0_291\jre\bin\nio.dll
0x00007ffa2db10000 - 0x00007ffa2db43000 	C:\WINDOWS\system32\rsaenh.dll
0x00007ffa2e690000 - 0x00007ffa2e6b5000 	C:\WINDOWS\SYSTEM32\USERENV.dll
0x00007ffa2e160000 - 0x00007ffa2e16c000 	C:\WINDOWS\SYSTEM32\CRYPTBASE.dll
0x00007ffa27fc0000 - 0x00007ffa27fcd000 	C:\Program Files\Java\jdk1.8.0_291\jre\bin\sunmscapi.dll
0x00007ffa2f3a0000 - 0x00007ffa2f4ea000 	C:\WINDOWS\System32\CRYPT32.dll
0x00007ffa2e840000 - 0x00007ffa2e852000 	C:\WINDOWS\System32\MSASN1.dll
0x00007ffa2e260000 - 0x00007ffa2e286000 	C:\WINDOWS\SYSTEM32\ncrypt.dll
0x00007ffa2e220000 - 0x00007ffa2e25b000 	C:\WINDOWS\SYSTEM32\NTASN1.dll
0x00007ffa23c10000 - 0x00007ffa23e04000 	C:\WINDOWS\SYSTEM32\dbghelp.dll

VM Arguments:
jvm_args: -ea -Dfile.encoding=Cp1252 
java_command: org.testng.remote.RemoteTestNG -serport 61095 -protocol json -d C:\Users\Nathalie\eclipse-workspace\curso-automatizacion-abril2021\visorweb-testng\test-output C:\Users\Nathalie\AppData\Local\Temp\testng-eclipse-2020853828\testng-customsuite.xml
java_class_path (initial): C:\Users\Nathalie\eclipse\java-2020-09\eclipse\configuration\org.eclipse.osgi\485\0\.cp\lib\testng-remote.jar;C:\Users\Nathalie\eclipse-workspace\curso-automatizacion-abril2021\visorweb-testng\target\test-classes;C:\Users\Nathalie\eclipse-workspace\curso-automatizacion-abril2021\visorweb-testng\target\classes;C:\Users\Nathalie\.m2\repository\org\testng\testng\6.9.10\testng-6.9.10.jar;C:\Users\Nathalie\.m2\repository\com\beust\jcommander\1.48\jcommander-1.48.jar;C:\Users\Nathalie\.m2\repository\org\beanshell\bsh\2.0b4\bsh-2.0b4.jar;C:\Users\Nathalie\.m2\repository\io\github\bonigarcia\webdrivermanager\4.4.3\webdrivermanager-4.4.3.jar;C:\Users\Nathalie\.m2\repository\org\slf4j\slf4j-api\1.7.30\slf4j-api-1.7.30.jar;C:\Users\Nathalie\.m2\repository\commons-io\commons-io\2.8.0\commons-io-2.8.0.jar;C:\Users\Nathalie\.m2\repository\com\google\code\gson\gson\2.8.6\gson-2.8.6.jar;C:\Users\Nathalie\.m2\repository\org\apache\commons\commons-lang3\3.12.0\commons-lang3-3.12.0.jar;C:\Users\Nathalie\.m2\repository\org\apache\httpcomponents\client5\httpclient5\5.0.3\httpclient5-5.0.3.jar;C:\Users\Nathalie\.m2\repository\org\apache\httpcomponents\core5\httpcore5\5.0.2\httpcore5-5.0.2.jar;C:\Users\Nathalie\.m2\repository\org\apache\httpcomponents\core5\httpcore5-h2\5.0.2\httpcore5-h2-5.0.2.jar;C:\Users\Nathalie\.m2\repository\commons-codec\commons-codec\1.13\commons-codec-1.13.jar;C:\Users\Nathalie\.m2\repository\org\rauschig\jarchivelib\1.1.0\jarchivelib-1.1.0.jar;C:\Users\Nathalie\.m2\repository\org\apache\commons\commons-compress\1.20\commons-compress-1.20.jar;C:\Users\Nathalie\.m2\repository\org\jsoup\jsoup\1.13.1\jsoup-1.13.1.jar;C:\Users\Nathalie\.m2\repository\org\seleniumhq\selenium\selenium-java\3.141.59\selenium-java-3.141.59.jar;C:\Users\Nathalie\.m2\repository\org\seleniumhq\selenium\selenium-api\3.141.59\selenium-api-3.141.59.jar;C:\Users\Nathalie\.m2\repository\org\seleniumhq\selenium\selenium-chrome-driver\3.141.59\selenium-chrome-driver-3.
Launcher Type: SUN_STANDARD

Environment Variables:
JAVA_HOME=C:\Program Files\Java\jdk-14.0.1
PATH=C:/Program Files/Java/jdk-14.0.1/bin/server;C:/Program Files/Java/jdk-14.0.1/bin;C:\Program Files (x86)\Common Files\Oracle\Java\javapath;E:\WINDOWS.X64_193000_db_home\bin;E:\app\Nathalie\product\11.2.0\client_3;E:\app\Nathalie\product\11.2.0\client_2;E:\app\Nathalie\product\11.2.0\client_1;C:\WINDOWS\system32;C:\WINDOWS;C:\WINDOWS\System32\Wbem;C:\WINDOWS\System32\WindowsPowerShell\v1.0\;C:\Program Files\dotnet\;C:\Program Files (x86)\Microsoft SQL Server\Client SDK\ODBC\130\Tools\Binn\;C:\Program Files (x86)\Microsoft SQL Server\140\Tools\Binn\;C:\Program Files (x86)\Microsoft SQL Server\140\DTS\Binn\;C:\Program Files (x86)\Microsoft SQL Server\140\Tools\Binn\ManagementStudio\;C:\Program Files\Microsoft VS Code\bin;C:\Users\Nathalie\AppData\Roaming\nvm;C:\Program Files\nodejs;C:\PostgreSQL\pg11\bin;C:\Program Files\PuTTY\;C:\WINDOWS\System32\OpenSSH\;C:\Python27;C:\Program Files\Git2\cmd;C:\Program Files\Microsoft SQL Server\Client SDK\ODBC\130\Tools\Binn\;C:\Program Files\Microsoft SQL Server\140\Tools\Binn\;C:\Program Files\Microsoft SQL Server\140\DTS\Binn\;C:\Program Files\nodejs\;C:\Program Files (x86)\Google\Google Apps Migration\;C:\Program Files\Java\jdk-14.0.1\bin;C:\Program Files\MongoDB\Server\4.4\bin;C:\apache-maven-3.6.3\bin;C:\Users\Nathalie\AppData\Local\Microsoft\WindowsApps;C:\Users\Nathalie\AppData\Roaming\npm;C:\Users\Nathalie\AppData\Local\Programs\Microsoft VS Code\bin;%USERPROFILE%\AppData\Local\Microsoft\WindowsApps;;C:\Users\Nathalie\Desktop;
USERNAME=Nathalie
OS=Windows_NT
PROCESSOR_IDENTIFIER=Intel64 Family 6 Model 58 Stepping 9, GenuineIntel



---------------  S Y S T E M  ---------------

OS: Windows 10.0 , 64 bit Build 18362 (10.0.18362.1350)

CPU:total 4 (initial active 4) (2 cores per cpu, 2 threads per core) family 6 model 58 stepping 9, cmov, cx8, fxsr, mmx, sse, sse2, sse3, ssse3, sse4.1, sse4.2, popcnt, avx, clmul, erms, ht, tsc, tscinvbit, tscinv

Memory: 4k page, physical 8082976k(1422760k free), swap 18557592k(1956k free)

vm_info: Java HotSpot(TM) 64-Bit Server VM (25.291-b10) for windows-amd64 JRE (1.8.0_291-b10), built on Apr  9 2021 00:02:00 by "java_re" with MS VC++ 15.9 (VS2017)

time: Sat Jun  5 19:47:07 2021
timezone: Hora est. Pacífico, Sudamérica
elapsed time: 20.877357 seconds (0d 0h 0m 20s)

